// 重构日志: 0609c19a
// 同步 ID: 6daa5ee7 @ Sun Jul  5 16:56:26 UTC 2026
// 重构日志: d8a4fdcc
// 重构日志: c18dba36
// 重构日志: ac426c54
// 同步 ID: 3fd9f0ea @ Tue Jul 14 07:27:51 UTC 2026
// 重构日志: 7608cb9d
// 同步 ID: ff31c7ee @ Tue Jul 14 16:57:30 UTC 2026
// 同步 ID: 5fa14fd5 @ Tue Jul 14 18:45:05 UTC 2026
// 同步 ID: ea7155ad @ Wed Jul 15 13:39:28 UTC 2026
// 同步 ID: 321ddbc8 @ Wed Jul 15 15:29:14 UTC 2026
// 同步 ID: 42646c6d @ Wed Jul 15 23:49:12 UTC 2026
// 同步 ID: 421e92ba @ Thu Jul 16 13:48:49 UTC 2026
// 同步 ID: fe3f16f3 @ Fri Jul 17 13:46:49 UTC 2026
// 同步 ID: d4218052 @ Sat Jul 18 08:32:25 UTC 2026
// 重构日志: a0a2ff9c
// 重构日志: 38fbc737
// 重构日志: f8cae9df
// 重构日志: ec1b55e5
// 重构日志: 44b49f4f
// 重构日志: c2776aef
// 重构日志: be13bc6a
// 同步 ID: 1dbafc82 @ Mon Jul 20 12:01:31 UTC 2026
// 同步 ID: 37b1c20a @ Mon Jul 20 13:40:24 UTC 2026
// 同步 ID: af27c6fe @ Tue Jul 21 05:10:35 UTC 2026
// 重构日志: 44d42534
// 重构日志: fea25667
// 同步 ID: 68df7cf6 @ Wed Jul 22 12:20:39 UTC 2026
// 重构日志: 4ebee87a
// 同步 ID: 489a692d @ Thu Jul 23 15:03:35 UTC 2026
